<?xml version="1.0" encoding="UTF-8"?>
<!-- Generated by org.testng.reporters.JUnitXMLReporter -->
<testsuite ignored="0" hostname="Akilas-MacBook-Air.local" failures="0" tests="4" name="Test" time="68.481" errors="0" timestamp="2026-02-16T19:47:50 IST">
  <testcase classname="testcase.TestCaseLoginLeaftaps" name="Login" time="2.153"/>
  <testcase classname="testcase.TestCaseLoginLeaftaps" name="Login" time="1.75"/>
  <testcase classname="testcase.TestCaseCreateLead" name="createLead" time="23.683"/>
  <testcase classname="testcase.TestCaseCreateLead" name="createLead" time="16.398"/>
</testsuite> <!-- Test -->
