<?xml version="1.0" encoding="UTF-8"?>
<testng-results ignored="0" total="2" passed="2" failed="0" skipped="0">
  <reporter-output>
  </reporter-output>
  <suite started-at="2026-02-20T17:33:07 IST" name="Suite" finished-at="2026-02-20T17:33:21 IST" duration-ms="14433">
    <groups>
    </groups>
    <test started-at="2026-02-20T17:33:07 IST" name="Test" finished-at="2026-02-20T17:33:21 IST" duration-ms="14433">
      <class name="testcase.TestCaseLoginLeaftaps">
        <test-method is-config="true" signature="setValues()[pri:0, instance:testcase.TestCaseLoginLeaftaps@794cb805]" started-at="2026-02-20T17:33:07 IST" name="setValues" finished-at="2026-02-20T17:33:07 IST" duration-ms="3" status="PASS">
          <reporter-output>
          </reporter-output>
        </test-method> <!-- setValues -->
        <test-method is-config="true" signature="preconditions()[pri:0, instance:testcase.TestCaseLoginLeaftaps@794cb805]" started-at="2026-02-20T17:33:07 IST" name="preconditions" finished-at="2026-02-20T17:33:13 IST" duration-ms="5982" status="PASS">
          <reporter-output>
          </reporter-output>
        </test-method> <!-- preconditions -->
        <test-method signature="Login(java.lang.String,java.lang.String)[pri:0, instance:testcase.TestCaseLoginLeaftaps@794cb805]" started-at="2026-02-20T17:33:13 IST" name="Login" data-provider="fetchData" finished-at="2026-02-20T17:33:13 IST" duration-ms="207" status="PASS">
          <params>
            <param index="0">
              <value>
                <![CDATA[Demosalesmanager]]>
              </value>
            </param>
            <param index="1">
              <value>
                <![CDATA[crmsfa]]>
              </value>
            </param>
          </params>
          <reporter-output>
          </reporter-output>
        </test-method> <!-- Login -->
        <test-method is-config="true" signature="postconditions()[pri:0, instance:testcase.TestCaseLoginLeaftaps@794cb805]" started-at="2026-02-20T17:33:13 IST" name="postconditions" finished-at="2026-02-20T17:33:13 IST" duration-ms="78" status="PASS">
          <reporter-output>
          </reporter-output>
        </test-method> <!-- postconditions -->
        <test-method is-config="true" signature="preconditions()[pri:0, instance:testcase.TestCaseLoginLeaftaps@794cb805]" started-at="2026-02-20T17:33:13 IST" name="preconditions" finished-at="2026-02-20T17:33:21 IST" duration-ms="7621" status="PASS">
          <reporter-output>
          </reporter-output>
        </test-method> <!-- preconditions -->
        <test-method signature="Login(java.lang.String,java.lang.String)[pri:0, instance:testcase.TestCaseLoginLeaftaps@794cb805]" started-at="2026-02-20T17:33:21 IST" name="Login" data-provider="fetchData" finished-at="2026-02-20T17:33:21 IST" duration-ms="194" status="PASS">
          <params>
            <param index="0">
              <value>
                <![CDATA[DemoCSR]]>
              </value>
            </param>
            <param index="1">
              <value>
                <![CDATA[crmsfa]]>
              </value>
            </param>
          </params>
          <reporter-output>
          </reporter-output>
        </test-method> <!-- Login -->
        <test-method is-config="true" signature="postconditions()[pri:0, instance:testcase.TestCaseLoginLeaftaps@794cb805]" started-at="2026-02-20T17:33:21 IST" name="postconditions" finished-at="2026-02-20T17:33:21 IST" duration-ms="123" status="PASS">
          <reporter-output>
          </reporter-output>
        </test-method> <!-- postconditions -->
      </class> <!-- testcase.TestCaseLoginLeaftaps -->
    </test> <!-- Test -->
  </suite> <!-- Suite -->
</testng-results>
