<?xml version="1.0" encoding="UTF-8"?>
<!-- Generated by org.testng.reporters.JUnitReportReporter -->
<testsuite hostname="Akilas-MacBook-Air.local" failures="0" tests="2" name="testcase.TestCaseLoginLeaftaps" time="34.748" errors="0" timestamp="2026-02-16T19:47:50 IST" skipped="0">
  <testcase classname="testcase.TestCaseLoginLeaftaps" name="Login" time="16.254"/>
  <testcase classname="testcase.TestCaseLoginLeaftaps" name="Login" time="18.494"/>
</testsuite> <!-- testcase.TestCaseLoginLeaftaps -->
