<?xml version="1.0" encoding="UTF-8"?>
<!-- Generated by org.testng.reporters.JUnitReportReporter -->
<testsuite hostname="Akilas-MacBook-Air.local" failures="0" tests="2" name="testcase.TestCaseCreateLead" time="68.194" errors="0" timestamp="2026-02-16T19:47:50 IST" skipped="0">
  <testcase classname="testcase.TestCaseCreateLead" name="createLead" time="39.932"/>
  <testcase classname="testcase.TestCaseCreateLead" name="createLead" time="28.262"/>
</testsuite> <!-- testcase.TestCaseCreateLead -->
