<?xml version="1.0" encoding="UTF-8"?>
<!-- Generated by org.testng.reporters.JUnitReportReporter -->
<testsuite hostname="Akilas-MacBook-Air.local" failures="0" tests="2" name="testcase.TestCaseLoginLeaftaps" time="14.205" errors="0" timestamp="2026-02-20T17:33:21 IST" skipped="0">
  <testcase classname="testcase.TestCaseLoginLeaftaps" name="Login" time="6.299"/>
  <testcase classname="testcase.TestCaseLoginLeaftaps" name="Login" time="7.906"/>
</testsuite> <!-- testcase.TestCaseLoginLeaftaps -->
