<?xml version="1.0" encoding="UTF-8"?>
<!-- Generated by org.testng.reporters.JUnitReportReporter -->
<testsuite hostname="Akilas-MacBook-Air.local" failures="0" tests="2" name="testcase.TestCaseCreateLead" time="91.736" errors="0" timestamp="2026-02-20T17:08:37 IST" skipped="0">
  <testcase classname="testcase.TestCaseCreateLead" name="createLead" time="28.352"/>
  <testcase classname="testcase.TestCaseCreateLead" name="createLead" time="63.384"/>
</testsuite> <!-- testcase.TestCaseCreateLead -->
